<?xml version="1.0" encoding="UTF-8"?>
<!-- Generated by org.testng.reporters.JUnitReportReporter -->
<testsuite hostname="DESKTOP-RCFES7K" failures="0" tests="4" name="webDriver.Topic_05_Browser" time="12.356" errors="0" timestamp="23 Dec 2021 15:19:44 GMT" skipped="0">
  <testcase classname="webDriver.Topic_05_Browser" name="TC_02_Title" time="2.002"/>
  <testcase classname="webDriver.Topic_05_Browser" name="TC_01_Url" time="4.684"/>
  <testcase classname="webDriver.Topic_05_Browser" name="TC_04_Page_Source" time="2.305"/>
  <testcase classname="webDriver.Topic_05_Browser" name="TC_03_Navigate" time="3.365"/>
</testsuite> <!-- webDriver.Topic_05_Browser -->
